<?xml version="1.0" encoding="UTF-8"?>
<testsuite xmlns:xsi="http://www.w3.org/2001/XMLSchema-instance" xsi:noNamespaceSchemaLocation="https://maven.apache.org/surefire/maven-surefire-plugin/xsd/surefire-test-report-3.0.xsd" version="3.0" name="com.jotace.inventory_project.InventoryProjectApplicationTests" time="5.244" tests="1" errors="0" skipped="0" failures="0">
  <properties>
[...]
</properties>
  <testcase name="contextLoads" classname="com.jotace.inventory_project.InventoryProjectApplicationTests" time="2.536">
    <system-out><![CDATA[19:47:57.489 [main] INFO org.springframework.test.context.support.AnnotationConfigContextLoaderUtils -- Could not detect default configuration classes for test class [com.jotace.inventory_project.InventoryProjectApplicationTests]: InventoryProjectApplicationTests does not declare any static, non-private, non-final, nested classes annotated with @Configuration.
19:47:57.624 [main] INFO org.springframework.boot.test.context.SpringBootTestContextBootstrapper -- Found @SpringBootConfiguration com.jotace.inventory_project.InventoryProjectApplication for test class com.jotace.inventory_project.InventoryProjectApplicationTests

  .   ____          _            __ _ _
 /\\ / ___'_ __ _ _(_)_ __  __ _ \ \ \ \
( ( )\___ | '_ | '_| | '_ \/ _` | \ \ \ \
 \\/  ___)| |_)| | | | | || (_| |  ) ) ) )
  '  |____| .__|_| |_|_| |_\__, | / / / /
 =========|_|==============|___/=/_/_/_/

 :: Spring Boot ::                (v3.3.5)

2024-10-31T19:47:58.107-03:00  INFO 15720 --- [inventory-project] [           main] c.j.i.InventoryProjectApplicationTests   : Starting InventoryProjectApplicationTests using Java 21.0.5 with PID 15720 (started by ad in F:\projetos comerciais\inventory-project)
2024-10-31T19:47:58.108-03:00  INFO 15720 --- [inventory-project] [           main] c.j.i.InventoryProjectApplicationTests   : No active profile set, falling back to 1 default profile: "default"
2024-10-31T19:47:59.956-03:00  INFO 15720 --- [inventory-project] [           main] c.j.i.InventoryProjectApplicationTests   : Started InventoryProjectApplicationTests in 2.162 seconds (process running for 3.363)
]]></system-out>
    <system-err><![CDATA[WARNING: A Java agent has been loaded dynamically (C:\Users\ad\.m2\repository\net\bytebuddy\byte-buddy-agent\1.14.19\byte-buddy-agent-1.14.19.jar)
WARNING: If a serviceability tool is in use, please run with -XX:+EnableDynamicAgentLoading to hide this warning
WARNING: If a serviceability tool is not in use, please run with -Djdk.instrument.traceUsage for more information
WARNING: Dynamic loading of agents will be disallowed by default in a future release
]]></system-err>
  </testcase>
</testsuite>